<!DOCTYPE html PUBLIC "-//W3C//DTD XHTML 1.1//EN" "https://www.w3.org/TR/xhtml11/DTD/xhtml11.dtd">
<html xmlns="https://www.w3.org/1999/xhtml">
<head>
<meta http-equiv="content-type" content="text/html; charset=UTF-8"/>
<title>TestNG Report</title>
<style type="text/css">table {margin-bottom:10px;border-collapse:collapse;empty-cells:show}th,td {border:1px solid #009;padding:.25em .5em}th {vertical-align:bottom}td {vertical-align:top}table a {font-weight:bold}.stripe td {background-color: #E6EBF9}.num {text-align:right}.passedodd td {background-color: #3F3}.passedeven td {background-color: #0A0}.skippedodd td {background-color: #DDD}.skippedeven td {background-color: #CCC}.failedodd td,.attn {background-color: #F33}.failedeven td,.stripe .attn {background-color: #D00}.stacktrace {white-space:pre;font-family:monospace}.totop {font-size:85%;text-align:center;border-bottom:2px solid #000}.invisible {display:none}</style>
</head>
<body>
<table>
<tr><th>Test</th><th># Passed</th><th># Skipped</th><th># Retried</th><th># Failed</th><th>Time (ms)</th><th>Included Groups</th><th>Excluded Groups</th></tr>
<tr><th colspan="8">BscicAutomationBySelenium</th></tr>
<tr><td><a href="#t0">LoginTestModule</a></td><td class="num">0</td><td class="num attn">1</td><td class="num">0</td><td class="num attn">1</td><td class="num">6,755</td><td></td><td></td></tr>
<tr class="stripe"><td><a href="#t1">ShilpoNibondhonTestModule</a></td><td class="num">0</td><td class="num attn">2</td><td class="num">0</td><td class="num attn">1</td><td class="num">11,234</td><td></td><td></td></tr>
<tr><th>Total</th><th class="num">0</th><th class="num attn">3</th><th class="num">0</th><th class="num attn">2</th><th class="num">17,989</th><th colspan="2"></th></tr>
</table>
<table id='summary'><thead><tr><th>Class</th><th>Method</th><th>Start</th><th>Time (ms)</th></tr></thead><tbody><tr><th colspan="4">BscicAutomationBySelenium</th></tr></tbody><tbody id="t0"><tr><th colspan="4">LoginTestModule &#8212; failed</th></tr><tr class="failedeven"><td rowspan="1">com.bat.BscicAutomation.Test.LoginTest</td><td><a href="#m0">homepagetitleverify</a></td><td rowspan="1">1628679683641</td><td rowspan="1">6456</td></tr><tr><th colspan="4">LoginTestModule &#8212; skipped</th></tr><tr class="skippedeven"><td rowspan="1">com.bat.BscicAutomation.Test.LoginTest</td><td><a href="#m1">logintest</a></td><td rowspan="1">1628679690314</td><td rowspan="1">0</td></tr></tbody>
<tbody id="t1"><tr><th colspan="4">ShilpoNibondhonTestModule &#8212; failed</th></tr><tr class="failedeven"><td rowspan="1">com.bat.BscicAutomation.Test.ShilpoNibondhon</td><td><a href="#m2">homePageButtonVerifyAndClick</a></td><td rowspan="1">1628679690485</td><td rowspan="1">10061</td></tr><tr><th colspan="4">ShilpoNibondhonTestModule &#8212; skipped</th></tr><tr class="skippedeven"><td rowspan="2">com.bat.BscicAutomation.Test.ShilpoNibondhon</td><td><a href="#m3">goIndustrialRegistrationForm</a></td><td rowspan="1">1628679701705</td><td rowspan="1">0</td></tr><tr class="skippedeven"><td><a href="#m4">industrialRegistrationForm</a></td><td rowspan="1">1628679701712</td><td rowspan="1">0</td></tr></tbody>
</table>
<h2>LoginTestModule</h2><h3 id="m0">com.bat.BscicAutomation.Test.LoginTest#homepagetitleverify</h3><table class="result"><tr><th>Exception</th></tr><tr><td><div class="stacktrace">java.lang.AssertionError: expected [ssBSCIC One Stop Service platform for Ease of doing business in Bangladesh] but found [BSCIC One Stop Service platform for Ease of doing business in Bangladesh]
	at com.bat.BscicAutomation.Test.LoginTest.homepagetitleverify(LoginTest.java:28)
	at java.base/java.util.ArrayList.forEach(ArrayList.java:1511)
... Removed 33 stack frames</div></td></tr></table><p class="totop"><a href="#summary">back to summary</a></p>
<h3 id="m1">com.bat.BscicAutomation.Test.LoginTest#logintest</h3><table class="result"><tr><th>Exception</th></tr><tr><td><div class="stacktrace">java.lang.Throwable: Method LoginTest.logintest(java.util.List)[pri:0, instance:com.bat.BscicAutomation.Test.LoginTest@20140db9] depends on not successfully finished methods
	at java.base/java.util.ArrayList.forEach(ArrayList.java:1511)
... Removed 18 stack frames</div></td></tr></table><p class="totop"><a href="#summary">back to summary</a></p>
<h2>ShilpoNibondhonTestModule</h2><h3 id="m2">com.bat.BscicAutomation.Test.ShilpoNibondhon#homePageButtonVerifyAndClick</h3><table class="result"><tr><th>Exception</th></tr><tr><td><div class="stacktrace">org.openqa.selenium.TimeoutException: Expected condition failed: waiting for element to be clickable: By.xpath: /html/body/div[1]/div[1]/section/div[2]/div/div/section[2]/div[2]/div/div/a (tried for 10 second(s) with 500 milliseconds interval)
	at org.openqa.selenium.support.ui.WebDriverWait.timeoutException(WebDriverWait.java:95)
	at org.openqa.selenium.support.ui.FluentWait.until(FluentWait.java:272)
	at com.bat.BscicAutomation.Test.ShilpoNibondhon.homePageButtonVerifyAndClick(ShilpoNibondhon.java:27)
	at java.base/java.util.ArrayList.forEach(ArrayList.java:1511)
Caused by: org.openqa.selenium.NoSuchElementException: no such element: Unable to locate element: {&quot;method&quot;:&quot;xpath&quot;,&quot;selector&quot;:&quot;/html/body/div[1]/div[1]/section/div[2]/div/div/section[2]/div[2]/div/div/a&quot;}
  (Session info: chrome=92.0.4515.131)
For documentation on this error, please visit: https://www.seleniumhq.org/exceptions/no_such_element.html
Build info: version: &apos;3.141.59&apos;, revision: &apos;e82be7d358&apos;, time: &apos;2018-11-14T08:17:03&apos;
System info: host: &apos;DESKTOP-GR76LI8&apos;, ip: &apos;192.168.1.3&apos;, os.name: &apos;Windows 10&apos;, os.arch: &apos;amd64&apos;, os.version: &apos;10.0&apos;, java.version: &apos;16.0.2&apos;
Driver info: org.openqa.selenium.chrome.ChromeDriver
Capabilities {acceptInsecureCerts: false, browserName: chrome, browserVersion: 92.0.4515.131, chrome: {chromedriverVersion: 92.0.4515.43 (8c61b7e2989f2..., userDataDir: C:\Users\CHANDM~1\AppData\L...}, goog:chromeOptions: {debuggerAddress: localhost:65415}, javascriptEnabled: true, networkConnectionEnabled: false, pageLoadStrategy: normal, platform: WINDOWS, platformName: WINDOWS, proxy: Proxy(), setWindowRect: true, strictFileInteractability: false, timeouts: {implicit: 0, pageLoad: 300000, script: 30000}, unhandledPromptBehavior: dismiss and notify, webauthn:extension:credBlob: true, webauthn:extension:largeBlob: true, webauthn:virtualAuthenticators: true}
Session ID: 8466b506051716e498d01cfb39a55e9c
*** Element info: {Using=xpath, value=/html/body/div[1]/div[1]/section/div[2]/div/div/section[2]/div[2]/div/div/a}
	at org.openqa.selenium.remote.http.W3CHttpResponseCodec.createException(W3CHttpResponseCodec.java:187)
	at org.openqa.selenium.remote.http.W3CHttpResponseCodec.decode(W3CHttpResponseCodec.java:122)
	at org.openqa.selenium.remote.http.W3CHttpResponseCodec.decode(W3CHttpResponseCodec.java:49)
	at org.openqa.selenium.remote.HttpCommandExecutor.execute(HttpCommandExecutor.java:158)
	at org.openqa.selenium.remote.service.DriverCommandExecutor.execute(DriverCommandExecutor.java:83)
	at org.openqa.selenium.remote.RemoteWebDriver.execute(RemoteWebDriver.java:552)
	at org.openqa.selenium.remote.RemoteWebDriver.findElement(RemoteWebDriver.java:323)
	at org.openqa.selenium.remote.RemoteWebDriver.findElementByXPath(RemoteWebDriver.java:428)
	at org.openqa.selenium.By$ByXPath.findElement(By.java:353)
	at org.openqa.selenium.remote.RemoteWebDriver.findElement(RemoteWebDriver.java:315)
	at org.openqa.selenium.support.ui.ExpectedConditions$7.apply(ExpectedConditions.java:205)
	at org.openqa.selenium.support.ui.ExpectedConditions$7.apply(ExpectedConditions.java:201)
	at org.openqa.selenium.support.ui.ExpectedConditions$22.apply(ExpectedConditions.java:641)
	at org.openqa.selenium.support.ui.ExpectedConditions$22.apply(ExpectedConditions.java:638)
	at org.openqa.selenium.support.ui.FluentWait.until(FluentWait.java:249)
	... 29 more
... Removed 31 stack frames</div></td></tr></table><p class="totop"><a href="#summary">back to summary</a></p>
<h3 id="m3">com.bat.BscicAutomation.Test.ShilpoNibondhon#goIndustrialRegistrationForm</h3><table class="result"><tr><th>Exception</th></tr><tr><td><div class="stacktrace">java.lang.Throwable: Method ShilpoNibondhon.goIndustrialRegistrationForm()[pri:0, instance:com.bat.BscicAutomation.Test.ShilpoNibondhon@cecf639] depends on not successfully finished methods
	at java.base/java.util.ArrayList.forEach(ArrayList.java:1511)
... Removed 18 stack frames</div></td></tr></table><p class="totop"><a href="#summary">back to summary</a></p>
<h3 id="m4">com.bat.BscicAutomation.Test.ShilpoNibondhon#industrialRegistrationForm</h3><table class="result"><tr><th>Exception</th></tr><tr><td><div class="stacktrace">java.lang.Throwable: Method ShilpoNibondhon.industrialRegistrationForm()[pri:0, instance:com.bat.BscicAutomation.Test.ShilpoNibondhon@cecf639] depends on not successfully finished methods
	at java.base/java.util.ArrayList.forEach(ArrayList.java:1511)
... Removed 18 stack frames</div></td></tr></table><p class="totop"><a href="#summary">back to summary</a></p>
</body>
</html>
